[0][14:16:46] Query string cannot be empty.
[0][14:16:46] waiting threads
[0][14:16:46] "" - started
[0][14:16:46] "" : Total genome length: 0
[0][14:16:46] "" : Total: 0
[0][14:16:46] "" : Not aligned: 0
[0][14:16:46] "" : Aligned: 0
[0][14:16:46] "" : Ignored: 0
[0][14:18:34] Query string cannot be empty.
[0][14:18:34] waiting threads
[0][14:18:34] "" - started
[0][14:18:34] "" : Total genome length: 0
[0][14:18:34] "" : Total: 0
[0][14:18:34] "" : Not aligned: 0
[0][14:18:34] "" : Aligned: 0
[0][14:18:34] "" : Ignored: 0
[0][14:20:16] Query string cannot be empty.
[0][14:20:16] waiting threads
[0][14:20:16] "" - started
[0][14:20:16] "" : Total genome length: 0
[0][14:20:16] "" : Total: 0
[0][14:20:16] "" : Not aligned: 0
[0][14:20:16] "" : Aligned: 0
[0][14:20:16] "" : Ignored: 0
[0][15:25:29] Query string cannot be empty.
[0][15:25:29] waiting threads
[0][15:25:29] "" - started
[0][15:25:29] "" : Total genome length: 0
[0][15:25:29] "" : Total: 0
[0][15:25:29] "" : Not aligned: 0
[0][15:25:29] "" : Aligned: 0
[0][15:25:29] "" : Ignored: 0
[0][15:27:23] Query string cannot be empty.
[0][15:27:23] waiting threads
[0][15:27:23] "/Users/kot4or/cchmc/geep/testing_data/organized_tests/bio_3659.bam" - started
[0][15:27:23] "/Users/kot4or/cchmc/geep/testing_data/organized_tests/bio_3659.bam" : Total genome length: 3095693983
[0][15:27:29] Query string cannot be empty.
[0][15:27:29] waiting threads
[0][15:27:29] "" - started
[0][15:27:29] "" : Total genome length: 0
[0][15:27:29] "" : Total: 0
[0][15:27:29] "" : Not aligned: 0
[0][15:27:29] "" : Aligned: 0
[0][15:27:29] "" : Ignored: 0
[0][23:14:35] Query string cannot be empty.
[0][23:14:35] waiting threads
[0][23:14:35] "" - started
[0][23:14:35] "" : Total genome length: 0
[0][23:14:35] "" : Total: 0
[0][23:14:35] "" : Not aligned: 0
[0][23:14:35] "" : Aligned: 0
[0][23:14:35] "" : Ignored: 0
[0][23:21:42] Query string cannot be empty.
[0][23:21:42] waiting threads
[0][23:21:42] "" - started
[0][23:21:42] "" : Total genome length: 0
[0][23:21:42] "" : Total: 0
[0][23:21:42] "" : Not aligned: 0
[0][23:21:42] "" : Aligned: 0
[0][23:21:42] "" : Ignored: 0
[0][23:21:51] Query string cannot be empty.
[0][23:21:51] waiting threads
[0][23:21:51] "" - started
[0][23:21:51] "" : Total genome length: 0
[0][23:21:51] "" : Total: 0
[0][23:21:51] "" : Not aligned: 0
[0][23:21:51] "" : Aligned: 0
[0][23:21:51] "" : Ignored: 0
[0][11:45:22] chr: "chr10"
[0][11:45:22] waiting threads
[0][11:45:22] "/Users/kot4or/cchmc/geep/testing_data/organized_tests/bio_3659.bam" - started
[0][11:45:22] "/Users/kot4or/cchmc/geep/testing_data/organized_tests/bio_3659.bam" : Total genome length: 3095693983
[0][11:46:00] "/Users/kot4or/cchmc/geep/testing_data/organized_tests/bio_3659.bam" : Total: 13360454
[0][11:46:00] "/Users/kot4or/cchmc/geep/testing_data/organized_tests/bio_3659.bam" : Not aligned: 0
[0][11:46:00] "/Users/kot4or/cchmc/geep/testing_data/organized_tests/bio_3659.bam" : Aligned: 13360454
[0][11:46:00] "/Users/kot4or/cchmc/geep/testing_data/organized_tests/bio_3659.bam" : Ignored: 0
[0][11:46:00] "/Users/kot4or/cchmc/geep/testing_data/organized_tests/bio_3659.bam" : Total aligned %: 100
[0][11:46:00] "/Users/kot4or/cchmc/geep/testing_data/organized_tests/bio_3659.bam" - bam loaded
[0][11:46:00] Total isoforms length: 5030
[0][11:46:00] "/Users/kot4or/cchmc/geep/testing_data/organized_tests/bio_3659.bam" - finished
[0][11:46:00]  Writing a result
[0][11:46:00] Complete
[0][11:49:31] chr: "chr10"
[0][11:49:31] waiting threads
[0][11:49:31] "/Users/kot4or/cchmc/geep/testing_data/organized_tests/bio_3659.bam" - started
[0][11:49:31] "/Users/kot4or/cchmc/geep/testing_data/organized_tests/bio_3659.bam" : Total genome length: 3095693983
[0][11:50:09] "/Users/kot4or/cchmc/geep/testing_data/organized_tests/bio_3659.bam" : Total: 13360454
[0][11:50:09] "/Users/kot4or/cchmc/geep/testing_data/organized_tests/bio_3659.bam" : Not aligned: 0
[0][11:50:09] "/Users/kot4or/cchmc/geep/testing_data/organized_tests/bio_3659.bam" : Aligned: 13360454
[0][11:50:09] "/Users/kot4or/cchmc/geep/testing_data/organized_tests/bio_3659.bam" : Ignored: 0
[0][11:50:09] "/Users/kot4or/cchmc/geep/testing_data/organized_tests/bio_3659.bam" : Total aligned %: 100
[0][11:50:09] "/Users/kot4or/cchmc/geep/testing_data/organized_tests/bio_3659.bam" - bam loaded
[0][11:50:09] Total isoforms length: 5030
[0][11:50:09] "/Users/kot4or/cchmc/geep/testing_data/organized_tests/bio_3659.bam" - finished
[0][11:50:09]  Writing a result
[0][11:50:09] Complete
[0][12:00:15] chr: "chr10"
[0][12:00:15] waiting threads
[0][12:00:15] "/Users/kot4or/cchmc/geep/testing_data/organized_tests/bio_3659.bam" - started
[0][12:00:15] "/Users/kot4or/cchmc/geep/testing_data/organized_tests/bio_3659.bam" : Total genome length: 3095693983
[0][12:00:53] "/Users/kot4or/cchmc/geep/testing_data/organized_tests/bio_3659.bam" : Total: 13360454
[0][12:00:53] "/Users/kot4or/cchmc/geep/testing_data/organized_tests/bio_3659.bam" : Not aligned: 0
[0][12:00:53] "/Users/kot4or/cchmc/geep/testing_data/organized_tests/bio_3659.bam" : Aligned: 13360454
[0][12:00:53] "/Users/kot4or/cchmc/geep/testing_data/organized_tests/bio_3659.bam" : Ignored: 0
[0][12:00:53] "/Users/kot4or/cchmc/geep/testing_data/organized_tests/bio_3659.bam" : Total aligned %: 100
[0][12:00:53] "/Users/kot4or/cchmc/geep/testing_data/organized_tests/bio_3659.bam" - bam loaded
[0][12:00:53] Total isoforms length: 5030
[0][12:00:53] "/Users/kot4or/cchmc/geep/testing_data/organized_tests/bio_3659.bam" - finished
[0][12:00:53]  Writing a result
[0][12:00:53] Complete
